# JRE version: OpenJDK Runtime Environment (8.0_242-b01) (build 1.8.0_242-release-1644-b01)
# Java VM: OpenJDK 64-Bit Server VM (25.242-b01 mixed mode windows-amd64 compressed oops)
Heap:
 PSYoungGen      total 309760K, used 175920K [0x00000000d5580000, 0x00000000f4880000, 0x0000000100000000)
  eden space 279040K, 58% used [0x00000000d5580000,0x00000000df576620,0x00000000e6600000)
  from space 30720K, 39% used [0x00000000e6600000,0x00000000e71d5c18,0x00000000e8400000)
  to   space 65536K, 0% used [0x00000000f0880000,0x00000000f0880000,0x00000000f4880000)
 ParOldGen       total 273920K, used 149905K [0x0000000080000000, 0x0000000090b80000, 0x00000000d5580000)
  object space 273920K, 54% used [0x0000000080000000,0x00000000892647b8,0x0000000090b80000)
 Metaspace       used 90716K, capacity 94752K, committed 95000K, reserved 1132544K
  class space    used 12078K, capacity 12827K, committed 12848K, reserved 1048576K
GC Heap History (10 events):
Event: 28.574 GC heap before
{Heap before GC invocations=15 (full 3):
 PSYoungGen      total 194560K, used 178688K [0x00000000d5580000, 0x00000000e6080000, 0x0000000100000000)
  eden space 178688K, 100% used [0x00000000d5580000,0x00000000e0400000,0x00000000e0400000)
  from space 15872K, 0% used [0x00000000e0400000,0x00000000e0400000,0x00000000e1380000)
  to   space 22016K, 0% used [0x00000000e4b00000,0x00000000e4b00000,0x00000000e6080000)
 ParOldGen       total 110080K, used 39084K [0x0000000080000000, 0x0000000086b80000, 0x00000000d5580000)
  object space 110080K, 35% used [0x0000000080000000,0x000000008262b218,0x0000000086b80000)
 Metaspace       used 64511K, capacity 67144K, committed 67224K, reserved 1107968K
  class space    used 8777K, capacity 9347K, committed 9392K, reserved 1048576K
Event: 28.611 GC heap after
Heap after GC invocations=15 (full 3):
 PSYoungGen      total 249344K, used 18646K [0x00000000d5580000, 0x00000000e6480000, 0x0000000100000000)
  eden space 227328K, 0% used [0x00000000d5580000,0x00000000d5580000,0x00000000e3380000)
  from space 22016K, 84% used [0x00000000e4b00000,0x00000000e5d35988,0x00000000e6080000)
  to   space 24064K, 0% used [0x00000000e3380000,0x00000000e3380000,0x00000000e4b00000)
 ParOldGen       total 110080K, used 39092K [0x0000000080000000, 0x0000000086b80000, 0x00000000d5580000)
  object space 110080K, 35% used [0x0000000080000000,0x000000008262d218,0x0000000086b80000)
 Metaspace       used 64511K, capacity 67144K, committed 67224K, reserved 1107968K
  class space    used 8777K, capacity 9347K, committed 9392K, reserved 1048576K
}
Event: 36.290 GC heap before
{Heap before GC invocations=16 (full 3):
 PSYoungGen      total 249344K, used 245974K [0x00000000d5580000, 0x00000000e6480000, 0x0000000100000000)
  eden space 227328K, 100% used [0x00000000d5580000,0x00000000e3380000,0x00000000e3380000)
  from space 22016K, 84% used [0x00000000e4b00000,0x00000000e5d35988,0x00000000e6080000)
  to   space 24064K, 0% used [0x00000000e3380000,0x00000000e3380000,0x00000000e4b00000)
 ParOldGen       total 110080K, used 39092K [0x0000000080000000, 0x0000000086b80000, 0x00000000d5580000)
  object space 110080K, 35% used [0x0000000080000000,0x000000008262d218,0x0000000086b80000)
 Metaspace       used 71524K, capacity 74450K, committed 74648K, reserved 1114112K
  class space    used 9697K, capacity 10335K, committed 10416K, reserved 1048576K
Event: 36.358 GC heap after
Heap after GC invocations=16 (full 3):
 PSYoungGen      total 251392K, used 24034K [0x00000000d5580000, 0x00000000ea900000, 0x0000000100000000)
  eden space 227328K, 0% used [0x00000000d5580000,0x00000000d5580000,0x00000000e3380000)
  from space 24064K, 99% used [0x00000000e3380000,0x00000000e4af8bd0,0x00000000e4b00000)
  to   space 30720K, 0% used [0x00000000e8b00000,0x00000000e8b00000,0x00000000ea900000)
 ParOldGen       total 110080K, used 46241K [0x0000000080000000, 0x0000000086b80000, 0x00000000d5580000)
  object space 110080K, 42% used [0x0000000080000000,0x0000000082d28540,0x0000000086b80000)
 Metaspace       used 71524K, capacity 74450K, committed 74648K, reserved 1114112K
  class space    used 9697K, capacity 10335K, committed 10416K, reserved 1048576K
}
Event: 57.076 GC heap before
{Heap before GC invocations=17 (full 3):
 PSYoungGen      total 251392K, used 251362K [0x00000000d5580000, 0x00000000ea900000, 0x0000000100000000)
  eden space 227328K, 100% used [0x00000000d5580000,0x00000000e3380000,0x00000000e3380000)
  from space 24064K, 99% used [0x00000000e3380000,0x00000000e4af8bd0,0x00000000e4b00000)
  to   space 30720K, 0% used [0x00000000e8b00000,0x00000000e8b00000,0x00000000ea900000)
 ParOldGen       total 110080K, used 46241K [0x0000000080000000, 0x0000000086b80000, 0x00000000d5580000)
  object space 110080K, 42% used [0x0000000080000000,0x0000000082d28540,0x0000000086b80000)
 Metaspace       used 80579K, capacity 83922K, committed 84120K, reserved 1122304K
  class space    used 10733K, capacity 11344K, committed 11440K, reserved 1048576K
Event: 57.181 GC heap after
Heap after GC invocations=17 (full 3):
 PSYoungGen      total 302592K, used 18307K [0x00000000d5580000, 0x00000000ea200000, 0x0000000100000000)
  eden space 279040K, 0% used [0x00000000d5580000,0x00000000d5580000,0x00000000e6600000)
  from space 23552K, 77% used [0x00000000e8b00000,0x00000000e9ce0f18,0x00000000ea200000)
  to   space 30720K, 0% used [0x00000000e6600000,0x00000000e6600000,0x00000000e8400000)
 ParOldGen       total 110080K, used 68678K [0x0000000080000000, 0x0000000086b80000, 0x00000000d5580000)
  object space 110080K, 62% used [0x0000000080000000,0x0000000084311bc0,0x0000000086b80000)
 Metaspace       used 80579K, capacity 83922K, committed 84120K, reserved 1122304K
  class space    used 10733K, capacity 11344K, committed 11440K, reserved 1048576K
}
Event: 62.958 GC heap before
{Heap before GC invocations=18 (full 3):
 PSYoungGen      total 302592K, used 297347K [0x00000000d5580000, 0x00000000ea200000, 0x0000000100000000)
  eden space 279040K, 100% used [0x00000000d5580000,0x00000000e6600000,0x00000000e6600000)
  from space 23552K, 77% used [0x00000000e8b00000,0x00000000e9ce0f18,0x00000000ea200000)
  to   space 30720K, 0% used [0x00000000e6600000,0x00000000e6600000,0x00000000e8400000)
 ParOldGen       total 110080K, used 68678K [0x0000000080000000, 0x0000000086b80000, 0x00000000d5580000)
  object space 110080K, 62% used [0x0000000080000000,0x0000000084311bc0,0x0000000086b80000)
 Metaspace       used 89668K, capacity 93800K, committed 93976K, reserved 1130496K
  class space    used 12025K, capacity 12751K, committed 12848K, reserved 1048576K
Event: 63.699 GC heap after
Heap after GC invocations=18 (full 3):
 PSYoungGen      total 309760K, used 30709K [0x00000000d5580000, 0x00000000f4880000, 0x0000000100000000)
  eden space 279040K, 0% used [0x00000000d5580000,0x00000000d5580000,0x00000000e6600000)
  from space 30720K, 99% used [0x00000000e6600000,0x00000000e83fd408,0x00000000e8400000)
  to   space 65536K, 0% used [0x00000000f0880000,0x00000000f0880000,0x00000000f4880000)
 ParOldGen       total 150016K, used 149887K [0x0000000080000000, 0x0000000089280000, 0x00000000d5580000)
  object space 150016K, 99% used [0x0000000080000000,0x000000008925fc70,0x0000000089280000)
 Metaspace       used 89668K, capacity 93800K, committed 93976K, reserved 1130496K
  class space    used 12025K, capacity 12751K, committed 12848K, reserved 1048576K
}
Event: 63.699 GC heap before
{Heap before GC invocations=19 (full 4):
 PSYoungGen      total 309760K, used 30709K [0x00000000d5580000, 0x00000000f4880000, 0x0000000100000000)
  eden space 279040K, 0% used [0x00000000d5580000,0x00000000d5580000,0x00000000e6600000)
  from space 30720K, 99% used [0x00000000e6600000,0x00000000e83fd408,0x00000000e8400000)
  to   space 65536K, 0% used [0x00000000f0880000,0x00000000f0880000,0x00000000f4880000)
 ParOldGen       total 150016K, used 149887K [0x0000000080000000, 0x0000000089280000, 0x00000000d5580000)
  object space 150016K, 99% used [0x0000000080000000,0x000000008925fc70,0x0000000089280000)
 Metaspace       used 89668K, capacity 93800K, committed 93976K, reserved 1130496K
  class space    used 12025K, capacity 12751K, committed 12848K, reserved 1048576K
Event: 66.086 GC heap after
Heap after GC invocations=19 (full 4):
 PSYoungGen      total 309760K, used 12119K [0x00000000d5580000, 0x00000000f4880000, 0x0000000100000000)
  eden space 279040K, 0% used [0x00000000d5580000,0x00000000d5580000,0x00000000e6600000)
  from space 30720K, 39% used [0x00000000e6600000,0x00000000e71d5c18,0x00000000e8400000)
  to   space 65536K, 0% used [0x00000000f0880000,0x00000000f0880000,0x00000000f4880000)
 ParOldGen       total 273920K, used 149905K [0x0000000080000000, 0x0000000090b80000, 0x00000000d5580000)
  object space 273920K, 54% used [0x0000000080000000,0x00000000892647b8,0x0000000090b80000)
 Metaspace       used 89518K, capacity 93338K, committed 93976K, reserved 1130496K
  class space    used 11978K, capacity 12670K, committed 12848K, reserved 1048576K
}

