# JRE version: OpenJDK Runtime Environment (8.0_242-b01) (build 1.8.0_242-release-1644-b01)
# Java VM: OpenJDK 64-Bit Server VM (25.242-b01 mixed mode windows-amd64 compressed oops)
Heap:
 PSYoungGen      total 291328K, used 53282K [0x00000000d5580000, 0x00000000ed280000, 0x0000000100000000)
  eden space 198656K, 3% used [0x00000000d5580000,0x00000000d5b660a8,0x00000000e1780000)
  from space 92672K, 50% used [0x00000000e7800000,0x00000000ea6229c8,0x00000000ed280000)
  to   space 95744K, 0% used [0x00000000e1780000,0x00000000e1780000,0x00000000e7500000)
 ParOldGen       total 398848K, used 228078K [0x0000000080000000, 0x0000000098580000, 0x00000000d5580000)
  object space 398848K, 57% used [0x0000000080000000,0x000000008debba10,0x0000000098580000)
 Metaspace       used 92607K, capacity 96248K, committed 96408K, reserved 1132544K
  class space    used 12176K, capacity 12933K, committed 12968K, reserved 1048576K
GC Heap History (10 events):
Event: 45.447 GC heap before
{Heap before GC invocations=23 (full 4):
 PSYoungGen      total 203776K, used 178176K [0x00000000d5580000, 0x00000000e7900000, 0x0000000100000000)
  eden space 178176K, 100% used [0x00000000d5580000,0x00000000e0380000,0x00000000e0380000)
  from space 25600K, 0% used [0x00000000e3080000,0x00000000e3080000,0x00000000e4980000)
  to   space 46080K, 0% used [0x00000000e0380000,0x00000000e0380000,0x00000000e3080000)
 ParOldGen       total 230912K, used 108658K [0x0000000080000000, 0x000000008e180000, 0x00000000d5580000)
  object space 230912K, 47% used [0x0000000080000000,0x0000000086a1c848,0x000000008e180000)
 Metaspace       used 85379K, capacity 88666K, committed 88856K, reserved 1126400K
  class space    used 11266K, capacity 11954K, committed 12072K, reserved 1048576K
Event: 45.671 GC heap after
Heap after GC invocations=23 (full 4):
 PSYoungGen      total 224256K, used 46048K [0x00000000d5580000, 0x00000000ea680000, 0x0000000100000000)
  eden space 178176K, 0% used [0x00000000d5580000,0x00000000d5580000,0x00000000e0380000)
  from space 46080K, 99% used [0x00000000e0380000,0x00000000e3078360,0x00000000e3080000)
  to   space 67072K, 0% used [0x00000000e6500000,0x00000000e6500000,0x00000000ea680000)
 ParOldGen       total 230912K, used 144827K [0x0000000080000000, 0x000000008e180000, 0x00000000d5580000)
  object space 230912K, 62% used [0x0000000080000000,0x0000000088d6ef50,0x000000008e180000)
 Metaspace       used 85379K, capacity 88666K, committed 88856K, reserved 1126400K
  class space    used 11266K, capacity 11954K, committed 12072K, reserved 1048576K
}
Event: 49.279 GC heap before
{Heap before GC invocations=24 (full 4):
 PSYoungGen      total 224256K, used 224224K [0x00000000d5580000, 0x00000000ea680000, 0x0000000100000000)
  eden space 178176K, 100% used [0x00000000d5580000,0x00000000e0380000,0x00000000e0380000)
  from space 46080K, 99% used [0x00000000e0380000,0x00000000e3078360,0x00000000e3080000)
  to   space 67072K, 0% used [0x00000000e6500000,0x00000000e6500000,0x00000000ea680000)
 ParOldGen       total 230912K, used 144827K [0x0000000080000000, 0x000000008e180000, 0x00000000d5580000)
  object space 230912K, 62% used [0x0000000080000000,0x0000000088d6ef50,0x000000008e180000)
 Metaspace       used 89959K, capacity 93304K, committed 93464K, reserved 1130496K
  class space    used 11826K, capacity 12535K, committed 12584K, reserved 1048576K
Event: 49.555 GC heap after
Heap after GC invocations=24 (full 4):
 PSYoungGen      total 248832K, used 67065K [0x00000000d5580000, 0x00000000ee400000, 0x0000000100000000)
  eden space 181760K, 0% used [0x00000000d5580000,0x00000000d5580000,0x00000000e0700000)
  from space 67072K, 99% used [0x00000000e6500000,0x00000000ea67e7b8,0x00000000ea680000)
  to   space 96256K, 0% used [0x00000000e0700000,0x00000000e0700000,0x00000000e6500000)
 ParOldGen       total 230912K, used 190959K [0x0000000080000000, 0x000000008e180000, 0x00000000d5580000)
  object space 230912K, 82% used [0x0000000080000000,0x000000008ba7be78,0x000000008e180000)
 Metaspace       used 89959K, capacity 93304K, committed 93464K, reserved 1130496K
  class space    used 11826K, capacity 12535K, committed 12584K, reserved 1048576K
}
Event: 49.557 GC heap before
{Heap before GC invocations=25 (full 5):
 PSYoungGen      total 248832K, used 67065K [0x00000000d5580000, 0x00000000ee400000, 0x0000000100000000)
  eden space 181760K, 0% used [0x00000000d5580000,0x00000000d5580000,0x00000000e0700000)
  from space 67072K, 99% used [0x00000000e6500000,0x00000000ea67e7b8,0x00000000ea680000)
  to   space 96256K, 0% used [0x00000000e0700000,0x00000000e0700000,0x00000000e6500000)
 ParOldGen       total 230912K, used 190959K [0x0000000080000000, 0x000000008e180000, 0x00000000d5580000)
  object space 230912K, 82% used [0x0000000080000000,0x000000008ba7be78,0x000000008e180000)
 Metaspace       used 89959K, capacity 93304K, committed 93464K, reserved 1130496K
  class space    used 11826K, capacity 12535K, committed 12584K, reserved 1048576K
Event: 53.201 GC heap after
Heap after GC invocations=25 (full 5):
 PSYoungGen      total 248832K, used 0K [0x00000000d5580000, 0x00000000ee400000, 0x0000000100000000)
  eden space 181760K, 0% used [0x00000000d5580000,0x00000000d5580000,0x00000000e0700000)
  from space 67072K, 0% used [0x00000000e6500000,0x00000000e6500000,0x00000000ea680000)
  to   space 96256K, 0% used [0x00000000e0700000,0x00000000e0700000,0x00000000e6500000)
 ParOldGen       total 398848K, used 228062K [0x0000000080000000, 0x0000000098580000, 0x00000000d5580000)
  object space 398848K, 57% used [0x0000000080000000,0x000000008deb7a10,0x0000000098580000)
 Metaspace       used 89953K, capacity 93288K, committed 93464K, reserved 1130496K
  class space    used 11824K, capacity 12531K, committed 12584K, reserved 1048576K
}
Event: 56.009 GC heap before
{Heap before GC invocations=26 (full 5):
 PSYoungGen      total 248832K, used 181760K [0x00000000d5580000, 0x00000000ee400000, 0x0000000100000000)
  eden space 181760K, 100% used [0x00000000d5580000,0x00000000e0700000,0x00000000e0700000)
  from space 67072K, 0% used [0x00000000e6500000,0x00000000e6500000,0x00000000ea680000)
  to   space 96256K, 0% used [0x00000000e0700000,0x00000000e0700000,0x00000000e6500000)
 ParOldGen       total 398848K, used 228062K [0x0000000080000000, 0x0000000098580000, 0x00000000d5580000)
  object space 398848K, 57% used [0x0000000080000000,0x000000008deb7a10,0x0000000098580000)
 Metaspace       used 90453K, capacity 93874K, committed 94104K, reserved 1130496K
  class space    used 11882K, capacity 12598K, committed 12712K, reserved 1048576K
Event: 56.125 GC heap after
Heap after GC invocations=26 (full 5):
 PSYoungGen      total 278016K, used 51894K [0x00000000d5580000, 0x00000000ed700000, 0x0000000100000000)
  eden space 181760K, 0% used [0x00000000d5580000,0x00000000d5580000,0x00000000e0700000)
  from space 96256K, 53% used [0x00000000e0700000,0x00000000e39ada58,0x00000000e6500000)
  to   space 97280K, 0% used [0x00000000e7800000,0x00000000e7800000,0x00000000ed700000)
 ParOldGen       total 398848K, used 228070K [0x0000000080000000, 0x0000000098580000, 0x00000000d5580000)
  object space 398848K, 57% used [0x0000000080000000,0x000000008deb9a10,0x0000000098580000)
 Metaspace       used 90453K, capacity 93874K, committed 94104K, reserved 1130496K
  class space    used 11882K, capacity 12598K, committed 12712K, reserved 1048576K
}
Event: 59.376 GC heap before
{Heap before GC invocations=27 (full 5):
 PSYoungGen      total 278016K, used 233654K [0x00000000d5580000, 0x00000000ed700000, 0x0000000100000000)
  eden space 181760K, 100% used [0x00000000d5580000,0x00000000e0700000,0x00000000e0700000)
  from space 96256K, 53% used [0x00000000e0700000,0x00000000e39ada58,0x00000000e6500000)
  to   space 97280K, 0% used [0x00000000e7800000,0x00000000e7800000,0x00000000ed700000)
 ParOldGen       total 398848K, used 228070K [0x0000000080000000, 0x0000000098580000, 0x00000000d5580000)
  object space 398848K, 57% used [0x0000000080000000,0x000000008deb9a10,0x0000000098580000)
 Metaspace       used 92428K, capacity 96064K, committed 96152K, reserved 1132544K
  class space    used 12149K, capacity 12897K, committed 12968K, reserved 1048576K
Event: 59.444 GC heap after
Heap after GC invocations=27 (full 5):
 PSYoungGen      total 291328K, used 47242K [0x00000000d5580000, 0x00000000ed280000, 0x0000000100000000)
  eden space 198656K, 0% used [0x00000000d5580000,0x00000000d5580000,0x00000000e1780000)
  from space 92672K, 50% used [0x00000000e7800000,0x00000000ea6229c8,0x00000000ed280000)
  to   space 95744K, 0% used [0x00000000e1780000,0x00000000e1780000,0x00000000e7500000)
 ParOldGen       total 398848K, used 228078K [0x0000000080000000, 0x0000000098580000, 0x00000000d5580000)
  object space 398848K, 57% used [0x0000000080000000,0x000000008debba10,0x0000000098580000)
 Metaspace       used 92428K, capacity 96064K, committed 96152K, reserved 1132544K
  class space    used 12149K, capacity 12897K, committed 12968K, reserved 1048576K
}

