# JRE version: OpenJDK Runtime Environment (8.0_242-b01) (build 1.8.0_242-release-1644-b01)
# Java VM: OpenJDK 64-Bit Server VM (25.242-b01 mixed mode windows-amd64 compressed oops)
Heap:
 PSYoungGen      total 313856K, used 255259K [0x00000000d5580000, 0x00000000f0c00000, 0x0000000100000000)
  eden space 212992K, 72% used [0x00000000d5580000,0x00000000dec493a0,0x00000000e2580000)
  from space 100864K, 99% used [0x00000000ea980000,0x00000000f0bfdc20,0x00000000f0c00000)
  to   space 77312K, 0% used [0x00000000e2580000,0x00000000e2580000,0x00000000e7100000)
 ParOldGen       total 240128K, used 157953K [0x0000000080000000, 0x000000008ea80000, 0x00000000d5580000)
  object space 240128K, 65% used [0x0000000080000000,0x0000000089a40770,0x000000008ea80000)
 Metaspace       used 135333K, capacity 142648K, committed 142872K, reserved 1173504K
  class space    used 16878K, capacity 18313K, committed 18472K, reserved 1048576K
GC Heap History (10 events):
Event: 11381.534 GC heap before
{Heap before GC invocations=36 (full 5):
 PSYoungGen      total 278528K, used 91391K [0x00000000d5580000, 0x00000000eb700000, 0x0000000100000000)
  eden space 209408K, 15% used [0x00000000d5580000,0x00000000d7481e50,0x00000000e2200000)
  from space 69120K, 86% used [0x00000000e6c80000,0x00000000ea6bde38,0x00000000eb000000)
  to   space 76288K, 0% used [0x00000000e2200000,0x00000000e2200000,0x00000000e6c80000)
 ParOldGen       total 240128K, used 71857K [0x0000000080000000, 0x000000008ea80000, 0x00000000d5580000)
  object space 240128K, 29% used [0x0000000080000000,0x000000008462c6d0,0x000000008ea80000)
 Metaspace       used 134085K, capacity 141516K, committed 141848K, reserved 1173504K
  class space    used 16803K, capacity 18368K, committed 18472K, reserved 1048576K
Event: 11381.640 GC heap after
Heap after GC invocations=36 (full 5):
 PSYoungGen      total 285696K, used 57831K [0x00000000d5580000, 0x00000000ec000000, 0x0000000100000000)
  eden space 209408K, 0% used [0x00000000d5580000,0x00000000d5580000,0x00000000e2200000)
  from space 76288K, 75% used [0x00000000e2200000,0x00000000e5a79e60,0x00000000e6c80000)
  to   space 80896K, 0% used [0x00000000e7100000,0x00000000e7100000,0x00000000ec000000)
 ParOldGen       total 240128K, used 71857K [0x0000000080000000, 0x000000008ea80000, 0x00000000d5580000)
  object space 240128K, 29% used [0x0000000080000000,0x000000008462c6d0,0x000000008ea80000)
 Metaspace       used 134085K, capacity 141516K, committed 141848K, reserved 1173504K
  class space    used 16803K, capacity 18368K, committed 18472K, reserved 1048576K
}
Event: 11381.640 GC heap before
{Heap before GC invocations=37 (full 6):
 PSYoungGen      total 285696K, used 57831K [0x00000000d5580000, 0x00000000ec000000, 0x0000000100000000)
  eden space 209408K, 0% used [0x00000000d5580000,0x00000000d5580000,0x00000000e2200000)
  from space 76288K, 75% used [0x00000000e2200000,0x00000000e5a79e60,0x00000000e6c80000)
  to   space 80896K, 0% used [0x00000000e7100000,0x00000000e7100000,0x00000000ec000000)
 ParOldGen       total 240128K, used 71857K [0x0000000080000000, 0x000000008ea80000, 0x00000000d5580000)
  object space 240128K, 29% used [0x0000000080000000,0x000000008462c6d0,0x000000008ea80000)
 Metaspace       used 134085K, capacity 141516K, committed 141848K, reserved 1173504K
  class space    used 16803K, capacity 18368K, committed 18472K, reserved 1048576K
Event: 11383.319 GC heap after
Heap after GC invocations=37 (full 6):
 PSYoungGen      total 285696K, used 0K [0x00000000d5580000, 0x00000000ec000000, 0x0000000100000000)
  eden space 209408K, 0% used [0x00000000d5580000,0x00000000d5580000,0x00000000e2200000)
  from space 76288K, 0% used [0x00000000e2200000,0x00000000e2200000,0x00000000e6c80000)
  to   space 80896K, 0% used [0x00000000e7100000,0x00000000e7100000,0x00000000ec000000)
 ParOldGen       total 240128K, used 76844K [0x0000000080000000, 0x000000008ea80000, 0x00000000d5580000)
  object space 240128K, 32% used [0x0000000080000000,0x0000000084b0b3b8,0x000000008ea80000)
 Metaspace       used 126976K, capacity 133748K, committed 141848K, reserved 1173504K
  class space    used 15952K, capacity 17299K, committed 18472K, reserved 1048576K
}
Event: 11424.482 GC heap before
{Heap before GC invocations=38 (full 6):
 PSYoungGen      total 285696K, used 209334K [0x00000000d5580000, 0x00000000ec000000, 0x0000000100000000)
  eden space 209408K, 99% used [0x00000000d5580000,0x00000000e21edb00,0x00000000e2200000)
  from space 76288K, 0% used [0x00000000e2200000,0x00000000e2200000,0x00000000e6c80000)
  to   space 80896K, 0% used [0x00000000e7100000,0x00000000e7100000,0x00000000ec000000)
 ParOldGen       total 240128K, used 76844K [0x0000000080000000, 0x000000008ea80000, 0x00000000d5580000)
  object space 240128K, 32% used [0x0000000080000000,0x0000000084b0b3b8,0x000000008ea80000)
 Metaspace       used 128160K, capacity 135356K, committed 141848K, reserved 1173504K
  class space    used 16080K, capacity 17491K, committed 18472K, reserved 1048576K
Event: 11424.550 GC heap after
Heap after GC invocations=38 (full 6):
 PSYoungGen      total 293888K, used 38010K [0x00000000d5580000, 0x00000000ec600000, 0x0000000100000000)
  eden space 212992K, 0% used [0x00000000d5580000,0x00000000d5580000,0x00000000e2580000)
  from space 80896K, 46% used [0x00000000e7100000,0x00000000e961e998,0x00000000ec000000)
  to   space 77312K, 0% used [0x00000000e2580000,0x00000000e2580000,0x00000000e7100000)
 ParOldGen       total 240128K, used 76852K [0x0000000080000000, 0x000000008ea80000, 0x00000000d5580000)
  object space 240128K, 32% used [0x0000000080000000,0x0000000084b0d3b8,0x000000008ea80000)
 Metaspace       used 128160K, capacity 135356K, committed 141848K, reserved 1173504K
  class space    used 16080K, capacity 17491K, committed 18472K, reserved 1048576K
}
Event: 11430.672 GC heap before
{Heap before GC invocations=39 (full 6):
 PSYoungGen      total 293888K, used 251002K [0x00000000d5580000, 0x00000000ec600000, 0x0000000100000000)
  eden space 212992K, 100% used [0x00000000d5580000,0x00000000e2580000,0x00000000e2580000)
  from space 80896K, 46% used [0x00000000e7100000,0x00000000e961e998,0x00000000ec000000)
  to   space 77312K, 0% used [0x00000000e2580000,0x00000000e2580000,0x00000000e7100000)
 ParOldGen       total 240128K, used 76852K [0x0000000080000000, 0x000000008ea80000, 0x00000000d5580000)
  object space 240128K, 32% used [0x0000000080000000,0x0000000084b0d3b8,0x000000008ea80000)
 Metaspace       used 131180K, capacity 138406K, committed 141848K, reserved 1173504K
  class space    used 16340K, capacity 17752K, committed 18472K, reserved 1048576K
Event: 11431.362 GC heap after
Heap after GC invocations=39 (full 6):
 PSYoungGen      total 290304K, used 77301K [0x00000000d5580000, 0x00000000f0c00000, 0x0000000100000000)
  eden space 212992K, 0% used [0x00000000d5580000,0x00000000d5580000,0x00000000e2580000)
  from space 77312K, 99% used [0x00000000e2580000,0x00000000e70fd6a0,0x00000000e7100000)
  to   space 100864K, 0% used [0x00000000ea980000,0x00000000ea980000,0x00000000f0c00000)
 ParOldGen       total 240128K, used 109365K [0x0000000080000000, 0x000000008ea80000, 0x00000000d5580000)
  object space 240128K, 45% used [0x0000000080000000,0x0000000086acd5f8,0x000000008ea80000)
 Metaspace       used 131180K, capacity 138406K, committed 141848K, reserved 1173504K
  class space    used 16340K, capacity 17752K, committed 18472K, reserved 1048576K
}
Event: 11437.651 GC heap before
{Heap before GC invocations=40 (full 6):
 PSYoungGen      total 290304K, used 290293K [0x00000000d5580000, 0x00000000f0c00000, 0x0000000100000000)
  eden space 212992K, 100% used [0x00000000d5580000,0x00000000e2580000,0x00000000e2580000)
  from space 77312K, 99% used [0x00000000e2580000,0x00000000e70fd6a0,0x00000000e7100000)
  to   space 100864K, 0% used [0x00000000ea980000,0x00000000ea980000,0x00000000f0c00000)
 ParOldGen       total 240128K, used 109365K [0x0000000080000000, 0x000000008ea80000, 0x00000000d5580000)
  object space 240128K, 45% used [0x0000000080000000,0x0000000086acd5f8,0x000000008ea80000)
 Metaspace       used 135217K, capacity 142550K, committed 142872K, reserved 1173504K
  class space    used 16871K, capacity 18306K, committed 18472K, reserved 1048576K
Event: 11440.102 GC heap after
Heap after GC invocations=40 (full 6):
 PSYoungGen      total 313856K, used 100855K [0x00000000d5580000, 0x00000000f0c00000, 0x0000000100000000)
  eden space 212992K, 0% used [0x00000000d5580000,0x00000000d5580000,0x00000000e2580000)
  from space 100864K, 99% used [0x00000000ea980000,0x00000000f0bfdc20,0x00000000f0c00000)
  to   space 77312K, 0% used [0x00000000e2580000,0x00000000e2580000,0x00000000e7100000)
 ParOldGen       total 240128K, used 157953K [0x0000000080000000, 0x000000008ea80000, 0x00000000d5580000)
  object space 240128K, 65% used [0x0000000080000000,0x0000000089a40770,0x000000008ea80000)
 Metaspace       used 135217K, capacity 142550K, committed 142872K, reserved 1173504K
  class space    used 16871K, capacity 18306K, committed 18472K, reserved 1048576K
}

